d:\winter 2019\csci3090u\examples\raytracing1\raytracer\raytracer\debug\vc141.pdb
d:\winter 2019\csci3090u\examples\raytracing1\raytracer\raytracer\debug\vc141.idb
d:\winter 2019\csci3090u\examples\raytracing1\raytracer\raytracer\debug\colour.obj
d:\winter 2019\csci3090u\examples\raytracing1\raytracer\raytracer\debug\main.obj
d:\winter 2019\csci3090u\examples\raytracing1\raytracer\raytracer\debug\material.obj
d:\winter 2019\csci3090u\examples\raytracing1\raytracer\raytracer\debug\plane.obj
d:\winter 2019\csci3090u\examples\raytracing1\raytracer\raytracer\debug\primitive.obj
d:\winter 2019\csci3090u\examples\raytracing1\raytracer\raytracer\debug\ray.obj
d:\winter 2019\csci3090u\examples\raytracing1\raytracer\raytracer\debug\sphere.obj
d:\winter 2019\csci3090u\examples\raytracing1\raytracer\raytracer\debug\util.obj
d:\winter 2019\csci3090u\examples\raytracing1\raytracer\raytracer\debug\vector3.obj
d:\winter 2019\csci3090u\examples\raytracing1\raytracer\debug\raytracer.pdb
d:\winter 2019\csci3090u\examples\raytracing1\raytracer\raytracer\debug\raytracer.tlog\cl.command.1.tlog
d:\winter 2019\csci3090u\examples\raytracing1\raytracer\raytracer\debug\raytracer.tlog\cl.read.1.tlog
d:\winter 2019\csci3090u\examples\raytracing1\raytracer\raytracer\debug\raytracer.tlog\cl.write.1.tlog
d:\winter 2019\csci3090u\examples\raytracing1\raytracer\raytracer\debug\raytracer.tlog\link-cvtres.read.1.tlog
d:\winter 2019\csci3090u\examples\raytracing1\raytracer\raytracer\debug\raytracer.tlog\link-cvtres.write.1.tlog
d:\winter 2019\csci3090u\examples\raytracing1\raytracer\raytracer\debug\raytracer.tlog\link-rc.read.1.tlog
d:\winter 2019\csci3090u\examples\raytracing1\raytracer\raytracer\debug\raytracer.tlog\link-rc.write.1.tlog
d:\winter 2019\csci3090u\examples\raytracing1\raytracer\raytracer\debug\raytracer.tlog\link.command.1.tlog
d:\winter 2019\csci3090u\examples\raytracing1\raytracer\raytracer\debug\raytracer.tlog\link.read.1.tlog
d:\winter 2019\csci3090u\examples\raytracing1\raytracer\raytracer\debug\raytracer.tlog\link.write.1.tlog
